2020-09-22 15:47:00,664 [Worker-5: Loading available Gradle versions] INFO  o.e.b.c.i.u.g.PublishedGradleVersions - Gradle version information cache is up-to-date. Trying to read.
2020-09-22 16:01:59,318 [Worker-1: Enabling Maven Dependency Management] INFO  o.e.m.c.i.l.LifecycleMappingFactory - Using org.eclipse.m2e.jdt.JarLifecycleMapping lifecycle mapping for MavenProject: Learnmaven.com:IamLearningMaven:1.0-SNAPSHOT @ /home/anu/workspace/IamLearningMaven/pom.xml.
2020-09-22 16:02:00,438 [Worker-14: Building] INFO  o.e.m.c.i.embedder.EclipseLogger - Using 'UTF-8' encoding to copy filtered resources.
2020-09-22 16:02:00,439 [Worker-14: Building] INFO  o.e.m.c.i.embedder.EclipseLogger - skip non existing resourceDirectory /home/anu/workspace/IamLearningMaven/src/main/resources
2020-09-22 16:02:00,444 [Worker-14: Building] INFO  o.e.m.c.i.embedder.EclipseLogger - Using 'UTF-8' encoding to copy filtered resources.
2020-09-22 16:02:00,444 [Worker-14: Building] INFO  o.e.m.c.i.embedder.EclipseLogger - skip non existing resourceDirectory /home/anu/workspace/IamLearningMaven/src/test/resources
2020-09-22 16:02:00,572 [Worker-1: Enabling Maven Dependency Management] INFO  o.e.m.j.i.AbstractJavaProjectConfigurator - Adding source folder /IamLearningMaven/src/main/java
2020-09-22 16:02:00,577 [Worker-1: Enabling Maven Dependency Management] INFO  o.e.m.j.i.AbstractJavaProjectConfigurator - Adding source folder /IamLearningMaven/src/test/java
2020-09-22 16:02:00,957 [Worker-1: Enabling Maven Dependency Management] INFO  o.e.m.c.i.p.ProjectConfigurationManager - Update started
2020-09-22 16:02:01,599 [Worker-1: Enabling Maven Dependency Management] INFO  o.e.m.c.i.l.LifecycleMappingFactory - Using org.eclipse.m2e.jdt.JarLifecycleMapping lifecycle mapping for MavenProject: Learnmaven.com:IamLearningMaven:1.0-SNAPSHOT @ /home/anu/workspace/IamLearningMaven/pom.xml.
2020-09-22 16:02:02,092 [Worker-1: Enabling Maven Dependency Management] INFO  o.e.m.j.i.AbstractJavaProjectConfigurator - Adding source folder /IamLearningMaven/src/main/java
2020-09-22 16:02:02,095 [Worker-1: Enabling Maven Dependency Management] INFO  o.e.m.j.i.AbstractJavaProjectConfigurator - Adding source folder /IamLearningMaven/src/test/java
2020-09-22 16:02:02,193 [Worker-1: Enabling Maven Dependency Management] INFO  o.e.m.c.i.p.ProjectConfigurationManager - Update completed: 1 sec
2020-09-22 16:02:02,717 [Worker-11: Building] INFO  o.e.m.c.i.embedder.EclipseLogger - Using 'UTF-8' encoding to copy filtered resources.
2020-09-22 16:02:02,718 [Worker-11: Building] INFO  o.e.m.c.i.embedder.EclipseLogger - skip non existing resourceDirectory /home/anu/workspace/IamLearningMaven/src/main/resources
2020-09-22 16:02:02,721 [Worker-11: Building] INFO  o.e.m.c.i.embedder.EclipseLogger - Using 'UTF-8' encoding to copy filtered resources.
2020-09-22 16:02:02,722 [Worker-11: Building] INFO  o.e.m.c.i.embedder.EclipseLogger - skip non existing resourceDirectory /home/anu/workspace/IamLearningMaven/src/test/resources
2020-09-22 16:02:33,979 [Worker-13: Updating Maven Project] INFO  o.e.m.c.i.p.ProjectConfigurationManager - Update started
2020-09-22 16:02:34,523 [Worker-13: Updating Maven Project] INFO  o.e.m.c.i.l.LifecycleMappingFactory - Using org.eclipse.m2e.jdt.JarLifecycleMapping lifecycle mapping for MavenProject: Learnmaven.com:IamLearningMaven:1.0-SNAPSHOT @ /home/anu/workspace/IamLearningMaven/pom.xml.
2020-09-22 16:02:34,715 [Worker-13: Updating Maven Project] INFO  o.e.m.j.i.AbstractJavaProjectConfigurator - Adding source folder /IamLearningMaven/src/main/java
2020-09-22 16:02:34,716 [Worker-13: Updating Maven Project] INFO  o.e.m.j.i.AbstractJavaProjectConfigurator - Adding source folder /IamLearningMaven/src/test/java
2020-09-22 16:02:34,777 [Worker-13: Updating Maven Project] INFO  o.e.m.c.i.p.ProjectConfigurationManager - Update completed: 0 sec
2020-09-22 16:02:35,194 [Worker-1: Building] INFO  o.e.m.c.i.embedder.EclipseLogger - Using 'UTF-8' encoding to copy filtered resources.
2020-09-22 16:02:35,194 [Worker-1: Building] INFO  o.e.m.c.i.embedder.EclipseLogger - skip non existing resourceDirectory /home/anu/workspace/IamLearningMaven/src/main/resources
2020-09-22 16:02:35,209 [Worker-1: Building] INFO  o.e.m.c.i.embedder.EclipseLogger - Using 'UTF-8' encoding to copy filtered resources.
2020-09-22 16:02:35,209 [Worker-1: Building] INFO  o.e.m.c.i.embedder.EclipseLogger - skip non existing resourceDirectory /home/anu/workspace/IamLearningMaven/src/test/resources
2020-09-22 16:02:53,995 [Worker-1: Building] INFO  o.e.m.c.i.embedder.EclipseLogger - Using 'UTF-8' encoding to copy filtered resources.
2020-09-22 16:02:53,995 [Worker-1: Building] INFO  o.e.m.c.i.embedder.EclipseLogger - skip non existing resourceDirectory /home/anu/workspace/IamLearningMaven/src/main/resources
2020-09-22 16:02:53,997 [Worker-1: Building] INFO  o.e.m.c.i.embedder.EclipseLogger - Using 'UTF-8' encoding to copy filtered resources.
2020-09-22 16:02:53,997 [Worker-1: Building] INFO  o.e.m.c.i.embedder.EclipseLogger - skip non existing resourceDirectory /home/anu/workspace/IamLearningMaven/src/test/resources
2020-09-22 16:03:24,047 [Worker-11: Building] INFO  o.e.m.c.i.embedder.EclipseLogger - Using 'UTF-8' encoding to copy filtered resources.
2020-09-22 16:03:24,047 [Worker-11: Building] INFO  o.e.m.c.i.embedder.EclipseLogger - skip non existing resourceDirectory /home/anu/workspace/IamLearningMaven/src/main/resources
2020-09-22 16:03:24,053 [Worker-11: Building] INFO  o.e.m.c.i.embedder.EclipseLogger - Using 'UTF-8' encoding to copy filtered resources.
2020-09-22 16:03:24,053 [Worker-11: Building] INFO  o.e.m.c.i.embedder.EclipseLogger - skip non existing resourceDirectory /home/anu/workspace/IamLearningMaven/src/test/resources
2020-09-22 16:04:55,240 [Worker-14: Building] INFO  o.e.m.c.i.embedder.EclipseLogger - Using 'UTF-8' encoding to copy filtered resources.
2020-09-22 16:04:55,240 [Worker-14: Building] INFO  o.e.m.c.i.embedder.EclipseLogger - skip non existing resourceDirectory /home/anu/workspace/IamLearningMaven/src/main/resources
2020-09-22 16:04:55,243 [Worker-14: Building] INFO  o.e.m.c.i.embedder.EclipseLogger - Using 'UTF-8' encoding to copy filtered resources.
2020-09-22 16:04:55,243 [Worker-14: Building] INFO  o.e.m.c.i.embedder.EclipseLogger - skip non existing resourceDirectory /home/anu/workspace/IamLearningMaven/src/test/resources
2020-09-22 16:05:31,855 [Worker-8: Building] INFO  o.e.m.c.i.embedder.EclipseLogger - Using 'UTF-8' encoding to copy filtered resources.
2020-09-22 16:05:31,855 [Worker-8: Building] INFO  o.e.m.c.i.embedder.EclipseLogger - skip non existing resourceDirectory /home/anu/workspace/IamLearningMaven/src/main/resources
2020-09-22 16:05:31,857 [Worker-8: Building] INFO  o.e.m.c.i.embedder.EclipseLogger - Using 'UTF-8' encoding to copy filtered resources.
2020-09-22 16:05:31,858 [Worker-8: Building] INFO  o.e.m.c.i.embedder.EclipseLogger - skip non existing resourceDirectory /home/anu/workspace/IamLearningMaven/src/test/resources
2020-09-22 16:08:15,867 [Worker-11: Launching Checker] INFO  o.e.m.c.i.embedder.EclipseLogger - Using 'UTF-8' encoding to copy filtered resources.
2020-09-22 16:08:15,868 [Worker-11: Launching Checker] INFO  o.e.m.c.i.embedder.EclipseLogger - skip non existing resourceDirectory /home/anu/workspace/IamLearningMaven/src/main/resources
2020-09-22 16:08:15,871 [Worker-11: Launching Checker] INFO  o.e.m.c.i.embedder.EclipseLogger - Using 'UTF-8' encoding to copy filtered resources.
2020-09-22 16:08:15,871 [Worker-11: Launching Checker] INFO  o.e.m.c.i.embedder.EclipseLogger - skip non existing resourceDirectory /home/anu/workspace/IamLearningMaven/src/test/resources
2020-09-22 16:08:44,553 [Worker-11: Launching Checker] INFO  o.e.m.c.i.embedder.EclipseLogger - Using 'UTF-8' encoding to copy filtered resources.
2020-09-22 16:08:44,553 [Worker-11: Launching Checker] INFO  o.e.m.c.i.embedder.EclipseLogger - skip non existing resourceDirectory /home/anu/workspace/IamLearningMaven/src/main/resources
2020-09-22 16:08:44,556 [Worker-11: Launching Checker] INFO  o.e.m.c.i.embedder.EclipseLogger - Using 'UTF-8' encoding to copy filtered resources.
2020-09-22 16:08:44,556 [Worker-11: Launching Checker] INFO  o.e.m.c.i.embedder.EclipseLogger - skip non existing resourceDirectory /home/anu/workspace/IamLearningMaven/src/test/resources
2020-09-22 16:09:39,991 [Worker-8: Building] INFO  o.e.m.c.i.embedder.EclipseLogger - Using 'UTF-8' encoding to copy filtered resources.
2020-09-22 16:09:39,991 [Worker-8: Building] INFO  o.e.m.c.i.embedder.EclipseLogger - skip non existing resourceDirectory /home/anu/workspace/IamLearningMaven/src/main/resources
2020-09-22 16:09:39,995 [Worker-8: Building] INFO  o.e.m.c.i.embedder.EclipseLogger - Using 'UTF-8' encoding to copy filtered resources.
2020-09-22 16:09:39,996 [Worker-8: Building] INFO  o.e.m.c.i.embedder.EclipseLogger - skip non existing resourceDirectory /home/anu/workspace/IamLearningMaven/src/test/resources
2020-09-22 16:11:44,396 [Worker-1: Launching Checker] INFO  o.e.m.c.i.embedder.EclipseLogger - Using 'UTF-8' encoding to copy filtered resources.
2020-09-22 16:11:44,396 [Worker-1: Launching Checker] INFO  o.e.m.c.i.embedder.EclipseLogger - skip non existing resourceDirectory /home/anu/workspace/IamLearningMaven/src/main/resources
2020-09-22 16:11:44,398 [Worker-1: Launching Checker] INFO  o.e.m.c.i.embedder.EclipseLogger - Using 'UTF-8' encoding to copy filtered resources.
2020-09-22 16:11:44,398 [Worker-1: Launching Checker] INFO  o.e.m.c.i.embedder.EclipseLogger - skip non existing resourceDirectory /home/anu/workspace/IamLearningMaven/src/test/resources
2020-09-22 16:51:13,061 [Worker-16: Updating Maven Project] INFO  o.e.m.c.i.p.ProjectConfigurationManager - Update started
2020-09-22 16:51:13,631 [Worker-16: Updating Maven Project] INFO  o.e.m.c.i.l.LifecycleMappingFactory - Using org.eclipse.m2e.jdt.JarLifecycleMapping lifecycle mapping for MavenProject: Learnmaven.com:IamLearningMaven:1.0-SNAPSHOT @ /home/anu/workspace/IamLearningMaven/pom.xml.
2020-09-22 16:51:13,879 [Worker-16: Updating Maven Project] INFO  o.e.m.j.i.AbstractJavaProjectConfigurator - Adding source folder /IamLearningMaven/src/main/java
2020-09-22 16:51:13,880 [Worker-16: Updating Maven Project] INFO  o.e.m.j.i.AbstractJavaProjectConfigurator - Adding source folder /IamLearningMaven/src/test/java
2020-09-22 16:51:14,034 [Worker-16: Updating Maven Project] INFO  o.e.m.c.i.p.ProjectConfigurationManager - Update completed: 0 sec
2020-09-22 16:51:14,377 [Worker-17: Building] INFO  o.e.m.c.i.embedder.EclipseLogger - Using 'UTF-8' encoding to copy filtered resources.
2020-09-22 16:51:14,387 [Worker-17: Building] INFO  o.e.m.c.i.embedder.EclipseLogger - skip non existing resourceDirectory /home/anu/workspace/IamLearningMaven/src/main/resources
2020-09-22 16:51:14,395 [Worker-17: Building] INFO  o.e.m.c.i.embedder.EclipseLogger - Using 'UTF-8' encoding to copy filtered resources.
2020-09-22 16:51:14,395 [Worker-17: Building] INFO  o.e.m.c.i.embedder.EclipseLogger - skip non existing resourceDirectory /home/anu/workspace/IamLearningMaven/src/test/resources
2020-09-22 16:53:48,249 [Worker-17: Building] INFO  o.e.m.c.i.l.LifecycleMappingFactory - Using org.eclipse.m2e.jdt.JarLifecycleMapping lifecycle mapping for MavenProject: Learnmaven.com:IamLearningMaven:1.0-SNAPSHOT @ /home/anu/workspace/IamLearningMaven/pom.xml.
2020-09-22 16:53:48,566 [Worker-17: Building] INFO  o.e.m.c.i.embedder.EclipseLogger - Using 'UTF-8' encoding to copy filtered resources.
2020-09-22 16:53:48,566 [Worker-17: Building] INFO  o.e.m.c.i.embedder.EclipseLogger - skip non existing resourceDirectory /home/anu/workspace/IamLearningMaven/src/main/resources
2020-09-22 16:53:48,569 [Worker-17: Building] INFO  o.e.m.c.i.embedder.EclipseLogger - Using 'UTF-8' encoding to copy filtered resources.
2020-09-22 16:53:48,570 [Worker-17: Building] INFO  o.e.m.c.i.embedder.EclipseLogger - skip non existing resourceDirectory /home/anu/workspace/IamLearningMaven/src/test/resources
2020-09-22 17:00:24,227 [Worker-18: Building] INFO  o.e.m.c.i.l.LifecycleMappingFactory - Using org.eclipse.m2e.jdt.JarLifecycleMapping lifecycle mapping for MavenProject: Learnmaven.com:IamLearningMaven:1.0-SNAPSHOT @ /home/anu/workspace/IamLearningMaven/pom.xml.
2020-09-22 17:00:24,403 [Worker-18: Building] INFO  o.e.m.c.i.embedder.EclipseLogger - Using 'UTF-8' encoding to copy filtered resources.
2020-09-22 17:00:24,403 [Worker-18: Building] INFO  o.e.m.c.i.embedder.EclipseLogger - skip non existing resourceDirectory /home/anu/workspace/IamLearningMaven/src/main/resources
2020-09-22 17:00:24,408 [Worker-18: Building] INFO  o.e.m.c.i.embedder.EclipseLogger - Using 'UTF-8' encoding to copy filtered resources.
2020-09-22 17:00:24,408 [Worker-18: Building] INFO  o.e.m.c.i.embedder.EclipseLogger - skip non existing resourceDirectory /home/anu/workspace/IamLearningMaven/src/test/resources
2020-09-22 17:01:20,047 [Worker-17: Updating Maven Project] INFO  o.e.m.c.i.p.ProjectConfigurationManager - Update started
2020-09-22 17:01:20,470 [Worker-17: Updating Maven Project] INFO  o.e.m.c.i.l.LifecycleMappingFactory - Using org.eclipse.m2e.jdt.JarLifecycleMapping lifecycle mapping for MavenProject: Learnmaven.com:IamLearningMaven:1.0-SNAPSHOT @ /home/anu/workspace/IamLearningMaven/pom.xml.
2020-09-22 17:01:20,674 [Worker-17: Updating Maven Project] INFO  o.e.m.j.i.AbstractJavaProjectConfigurator - Adding source folder /IamLearningMaven/src/main/java
2020-09-22 17:01:20,674 [Worker-17: Updating Maven Project] INFO  o.e.m.j.i.AbstractJavaProjectConfigurator - Adding source folder /IamLearningMaven/src/test/java
2020-09-22 17:01:20,752 [Worker-17: Updating Maven Project] INFO  o.e.m.c.i.p.ProjectConfigurationManager - Update completed: 0 sec
2020-09-22 17:01:21,020 [Worker-19: Building] INFO  o.e.m.c.i.embedder.EclipseLogger - Using 'UTF-8' encoding to copy filtered resources.
2020-09-22 17:01:21,020 [Worker-19: Building] INFO  o.e.m.c.i.embedder.EclipseLogger - skip non existing resourceDirectory /home/anu/workspace/IamLearningMaven/src/main/resources
2020-09-22 17:01:21,025 [Worker-19: Building] INFO  o.e.m.c.i.embedder.EclipseLogger - Using 'UTF-8' encoding to copy filtered resources.
2020-09-22 17:01:21,026 [Worker-19: Building] INFO  o.e.m.c.i.embedder.EclipseLogger - skip non existing resourceDirectory /home/anu/workspace/IamLearningMaven/src/test/resources
2020-09-22 17:06:42,133 [main] INFO  o.e.m2e.actions.ExecutePomAction - Creating new launch configuration
2020-09-22 17:07:36,105 [Worker-21: Launching IamLearningMaven] INFO  o.e.m.i.launch.MavenLaunchDelegate - /home/anu/workspace/IamLearningMaven
2020-09-22 17:07:36,106 [Worker-21: Launching IamLearningMaven] INFO  o.e.m.i.launch.MavenLaunchDelegate -  mvn -B exec:java
2020-09-22 17:14:15,095 [Worker-2: Loading available Gradle versions] INFO  o.e.b.c.i.u.g.PublishedGradleVersions - Gradle version information cache is up-to-date. Trying to read.
